2025-09-17 20:07:07,904 - INFO - Запуск программы поиска статей на Хабре
2025-09-17 20:07:07,904 - INFO - Ключевые слова для поиска: ['дизайн', 'фото', 'web', 'python']
2025-09-17 20:07:07,904 - INFO - Начинаем поиск статей на https://habr.com/ru/all/
2025-09-17 20:07:07,904 - INFO - Попытка 1 получения страницы: https://habr.com/ru/all/
2025-09-17 20:07:08,341 - INFO - Страница успешно получена, размер: 387492 символов
2025-09-17 20:07:08,382 - INFO - Найдено 20 превью статей на странице
2025-09-17 20:07:08,383 - INFO - Итого найдено подходящих статей: 0
2025-09-17 20:07:08,384 - INFO - Результаты сохранены в файл: habr_articles.txt
2025-09-17 20:07:08,384 - INFO - Программа завершена
2025-09-17 20:07:54,890 - INFO - Запуск программы поиска статей на Хабре
2025-09-17 20:07:54,890 - INFO - Ключевые слова для поиска: ['дизайн', 'фото', 'web', 'python']
2025-09-17 20:07:54,890 - INFO - Начинаем поиск статей на https://habr.com/ru/all/
2025-09-17 20:07:54,890 - INFO - Попытка 1 получения страницы: https://habr.com/ru/all/
2025-09-17 20:07:55,210 - INFO - Страница успешно получена, размер: 387492 символов
2025-09-17 20:07:55,250 - INFO - Найдено 20 превью статей на странице
2025-09-17 20:07:55,258 - INFO - Найдена статья: '3D-моделирование из бумаги' (ключевые слова: ['дизайн'])
2025-09-17 20:07:55,260 - INFO - Итого найдено подходящих статей: 1
2025-09-17 20:07:55,260 - INFO - Результаты сохранены в файл: habr_articles.txt
2025-09-17 20:07:55,260 - INFO - Программа завершена
2025-09-17 20:12:52,902 - INFO - Запуск программы поиска статей на Хабре
2025-09-17 20:12:52,902 - INFO - Ключевые слова для поиска: ['дизайн', 'фото', 'web', 'python']
2025-09-17 20:12:52,902 - INFO - Начинаем поиск статей на https://habr.com/ru/all/
2025-09-17 20:12:52,902 - INFO - Попытка 1 получения страницы: https://habr.com/ru/all/
2025-09-17 20:12:53,071 - INFO - Страница успешно получена, размер: 390181 символов
2025-09-17 20:12:53,100 - INFO - Найдено 20 превью статей на странице
2025-09-17 20:12:53,108 - INFO - Найдена статья: '3D-моделирование из бумаги' (ключевые слова: ['дизайн'])
2025-09-17 20:12:53,109 - INFO - Итого найдено подходящих статей: 1
2025-09-17 20:12:53,109 - INFO - Результаты сохранены в файл: habr_articles.txt
2025-09-17 20:12:53,109 - INFO - Программа завершена
2025-09-17 20:13:05,838 - INFO - Запуск программы поиска статей на Хабре
2025-09-17 20:13:05,838 - INFO - Ключевые слова для поиска: ['дизайн', 'фото', 'web', 'python']
2025-09-17 20:13:05,838 - INFO - Начинаем поиск статей на https://habr.com/ru/all/
2025-09-17 20:13:05,838 - INFO - Попытка 1 получения страницы: https://habr.com/ru/all/
2025-09-17 20:13:06,025 - INFO - Страница успешно получена, размер: 390708 символов
2025-09-17 20:13:06,058 - INFO - Найдено 20 превью статей на странице
2025-09-17 20:13:06,066 - INFO - Найдена статья: '3D-моделирование из бумаги' (ключевые слова: ['дизайн'])
2025-09-17 20:13:06,067 - INFO - Итого найдено подходящих статей: 1
2025-09-17 20:13:06,067 - INFO - Результаты сохранены в файл: habr_articles.txt
2025-09-17 20:13:06,067 - INFO - Программа завершена
